Build started 9/4/2013 9:42:58 AM.
     1>Project "E:\xOpenCLV\trunk\OpenCLV C\OpenCLV Dummy.vcxproj" on node 2 (build target(s)).
     1>InitializeBuildStatus:
         Creating "x64\Release AMD\OpenCLV Dummy.unsuccessfulbuild" because "AlwaysCreate" was specified.
       ClCompile:
         All outputs are up-to-date.
       Link:
         All outputs are up-to-date.
         C:\Program Files (x86)\Microsoft Visual Studio 10.0\VC\bin\x86_amd64\link.exe /ERRORREPORT:NONE /OUT:"E:\xOpenCLV\trunk\OpenCLV C\x64\Release AMD\OpenCLV_x64d.dll" /INCREMENTAL:NO /NOLOGO labviewv.lib clAmdFft.Runtime_x64.lib opencl.lib kernel32.lib user32.lib gdi32.lib winspool.lib comdlg32.lib advapi32.lib shell32.lib ole32.lib oleaut32.lib uuid.lib odbc32.lib odbccp32.lib kernel32.lib user32.lib gdi32.lib winspool.lib comdlg32.lib advapi32.lib shell32.lib ole32.lib oleaut32.lib uuid.lib odbc32.lib odbccp32.lib /MANIFEST /ManifestFile:"x64\Release AMD\OpenCLV_x64d.dll.intermediate.manifest" /MANIFESTUAC:"level='asInvoker' uiAccess='false'" /DEBUG /PDB:"E:\xOpenCLV\trunk\OpenCLV C\x64\Release AMD\OpenCLV_x64d.pdb" /SUBSYSTEM:WINDOWS /OPT:REF /OPT:ICF /TLBID:1 /DYNAMICBASE /NXCOMPAT /IMPLIB:"E:\xOpenCLV\trunk\OpenCLV C\x64\Release AMD\OpenCLV_x64d.lib" /MACHINE:X64 /DLL "x64\Release AMD\Allocate Image.obj"
         "x64\Release AMD\clAMDFFT.obj"
         "x64\Release AMD\clDeviceManagement.obj"
         "x64\Release AMD\clLabviewDevice.obj"
         "x64\Release AMD\CrashExample.obj"
         "x64\Release AMD\Image 16i.obj"
         "x64\Release AMD\Image 16u.obj"
         "x64\Release AMD\Image 32f.obj"
         "x64\Release AMD\Image 32i.obj"
         "x64\Release AMD\Image 32u.obj"
         "x64\Release AMD\Image 8i.obj"
         "x64\Release AMD\Image 8u.obj"
         "x64\Release AMD\Program Mangement.obj"
            Creating library E:\xOpenCLV\trunk\OpenCLV C\x64\Release AMD\OpenCLV_x64d.lib and object E:\xOpenCLV\trunk\OpenCLV C\x64\Release AMD\OpenCLV_x64d.exp
         OpenCLV Dummy.vcxproj -> E:\xOpenCLV\trunk\OpenCLV C\x64\Release AMD\OpenCLV_x64d.dll
       Manifest:
         C:\Program Files (x86)\Microsoft SDKs\Windows\v7.0A\bin\mt.exe /nologo /verbose /outputresource:"E:\xOpenCLV\trunk\OpenCLV C\x64\Release AMD\OpenCLV_x64d.dll;#2" /manifest "x64\Release AMD\OpenCLV_x64d.dll.intermediate.manifest"
       FinalizeBuildStatus:
         Deleting file "x64\Release AMD\OpenCLV Dummy.unsuccessfulbuild".
         Touching "x64\Release AMD\OpenCLV Dummy.lastbuildstate".
     1>Done Building Project "E:\xOpenCLV\trunk\OpenCLV C\OpenCLV Dummy.vcxproj" (build target(s)).

Build succeeded.

Time Elapsed 00:00:00.45
